<?xml version="1.0" encoding="UTF-8"?>
<!-- Generated by org.testng.reporters.JUnitReportReporter -->
<testsuite skipped="0" hostname="DESKTOP-858LOL2" name="com.dubli.qa.testcases.LoginPageTest" tests="2" failures="0" timestamp="26 Dec 2018 14:45:17 GMT" time="47.975" errors="0">
  <testcase name="loginPageTitleTest" time="19.643" classname="com.dubli.qa.testcases.LoginPageTest"/>
  <testcase name="loginTest" time="28.332" classname="com.dubli.qa.testcases.LoginPageTest"/>
</testsuite> <!-- com.dubli.qa.testcases.LoginPageTest -->
